<?xml version="1.0" encoding="UTF-8"?>
<!-- Generated by org.testng.reporters.JUnitReportReporter -->
<testsuite skipped="0" hostname="DESKTOP-0EHBFCG" name="com.netvision.qa.testcases.LoginPageTest" tests="2" failures="0" timestamp="02 Apr 2021 10:51:17 GMT" time="60.459" errors="0">
  <testcase name="netvisionLogoTest" time="25.853" classname="com.netvision.qa.testcases.LoginPageTest"/>
  <testcase name="loginTest" time="34.606" classname="com.netvision.qa.testcases.LoginPageTest"/>
</testsuite> <!-- com.netvision.qa.testcases.LoginPageTest -->
